Using pre-set license
Built from '2020.2/release' branch; Version is '2020.2.1f1 (270dd8c3da1c) revision 2559448'; Using compiler version '192528614'; Build Type 'Release'
OS: 'Windows 10  (10.0.0) 64bit' Language: 'zh' Physical Memory: 16285 MB
BatchMode: 1, IsHumanControllingUs: 0, StartBugReporterOnCrash: 0, Is64bit: 1, IsPro: 0

 COMMAND LINE ARGUMENTS:
C:\Program Files\Unity\Hub\Editor\2020.2.1f1\Editor\Unity.exe
-adb2
-batchMode
-noUpm
-name
AssetImportWorker0
-projectPath
C:/gitHub/Unity_2D_Warrior/2D_Warrior
-logFile
Logs/AssetImportWorker0.log
-srvPort
52919
Successfully changed project path to: C:/gitHub/Unity_2D_Warrior/2D_Warrior
C:/gitHub/Unity_2D_Warrior/2D_Warrior
Using Asset Import Pipeline V2.
Refreshing native plugins compatible for Editor in 51.86 ms, found 0 plugins.
Preloading 0 native plugins for Editor in 0.00 ms.
Initialize engine version: 2020.2.1f1 (270dd8c3da1c)
[Subsystems] Discovering subsystems at path C:/Program Files/Unity/Hub/Editor/2020.2.1f1/Editor/Data/Resources/UnitySubsystems
[Subsystems] Discovering subsystems at path C:/gitHub/Unity_2D_Warrior/2D_Warrior/Assets
GfxDevice: creating device client; threaded=0
Direct3D:
    Version:  Direct3D 11.0 [level 11.1]
    Renderer: Intel(R) HD Graphics 630 (ID=0x5912)
    Vendor:   
    VRAM:     8142 MB
    Driver:   22.20.16.4691
Initialize mono
Mono path[0] = 'C:/Program Files/Unity/Hub/Editor/2020.2.1f1/Editor/Data/Managed'
Mono path[1] = 'C:/Program Files/Unity/Hub/Editor/2020.2.1f1/Editor/Data/MonoBleedingEdge/lib/mono/unityjit'
Mono config path = 'C:/Program Files/Unity/Hub/Editor/2020.2.1f1/Editor/Data/MonoBleedingEdge/etc'
Using monoOptions --debugger-agent=transport=dt_socket,embedding=1,server=y,suspend=n,address=127.0.0.1:56256
Begin MonoManager ReloadAssembly
Registering precompiled unity dll's ...
Register platform support module: C:/Program Files/Unity/Hub/Editor/2020.2.1f1/Editor/Data/PlaybackEngines/WebGLSupport/UnityEditor.WebGL.Extensions.dll
Register platform support module: C:/Program Files/Unity/Hub/Editor/2020.2.1f1/Editor/Data/PlaybackEngines/WindowsStandaloneSupport/UnityEditor.WindowsStandalone.Extensions.dll
Registered in 0.001395 seconds.
Native extension for WindowsStandalone target not found
Native extension for WebGL target not found
Refreshing native plugins compatible for Editor in 41.07 ms, found 0 plugins.
Preloading 0 native plugins for Editor in 0.00 ms.
Invoked RoslynAnalysisRunner static constructor.
RoslynAnalysisRunner will not be running.
RoslynAnalysisRunner has terminated.
Mono: successfully reloaded assembly
- Completed reload, in  1.593 seconds
Platform modules already initialized, skipping
Registering precompiled user dll's ...
Registered in 0.003134 seconds.
Begin MonoManager ReloadAssembly
Native extension for WindowsStandalone target not found
Native extension for WebGL target not found
Refreshing native plugins compatible for Editor in 0.46 ms, found 0 plugins.
Preloading 0 native plugins for Editor in 0.00 ms.
Invoked RoslynAnalysisRunner static constructor.
RoslynAnalysisRunner will not be running.
RoslynAnalysisRunner has terminated.
Mono: successfully reloaded assembly
- Completed reload, in  0.787 seconds
Platform modules already initialized, skipping
========================================================================
Worker process is ready to serve import requests
Launched and connected shader compiler UnityShaderCompiler.exe after 0.04 seconds
Refreshing native plugins compatible for Editor in 0.46 ms, found 0 plugins.
Preloading 0 native plugins for Editor in 0.00 ms.
Unloading 1536 Unused Serialized files (Serialized files now loaded: 0)
System memory in use before: 69.9 MB.
System memory in use after: 70.0 MB.

Unloading 37 unused Assets to reduce memory usage. Loaded Objects now: 1960.
Total: 1.836200 ms (FindLiveObjects: 0.171500 ms CreateObjectMapping: 0.077000 ms MarkObjects: 1.530500 ms  DeleteObjects: 0.055800 ms)

========================================================================
Received Import Request.
  path: Assets/蝙蝠怪/Death.png
  artifactKey: Guid(2c9fe4d3a0ef5ca498872ca3d226df46) Importer(815301076,1909f56bfc062723c751e8b465ee728b)
Start importing Assets/蝙蝠怪/Death.png using Guid(2c9fe4d3a0ef5ca498872ca3d226df46) Importer(815301076,1909f56bfc062723c751e8b465ee728b)  -> (artifact id: 'f5258bcbd77bb757ec06b99982a17218') in 0.116730 seconds
  Import took 0.119262 seconds .

========================================================================
Received Import Request.
  Time since last request: 0.000194 seconds.
  path: Assets/蝙蝠怪/Attack.png
  artifactKey: Guid(eed59aef8223ad34e8b90d6262d30bc1) Importer(815301076,1909f56bfc062723c751e8b465ee728b)
Start importing Assets/蝙蝠怪/Attack.png using Guid(eed59aef8223ad34e8b90d6262d30bc1) Importer(815301076,1909f56bfc062723c751e8b465ee728b)  -> (artifact id: '8d759561a347369644e792eff45556af') in 0.025325 seconds
  Import took 0.027694 seconds .

========================================================================
Received Import Request.
  Time since last request: 0.000232 seconds.
  path: Assets/蝙蝠怪/Take Hit.png
  artifactKey: Guid(1dfddf152f9c38647b635863b3c781b4) Importer(815301076,1909f56bfc062723c751e8b465ee728b)
Start importing Assets/蝙蝠怪/Take Hit.png using Guid(1dfddf152f9c38647b635863b3c781b4) Importer(815301076,1909f56bfc062723c751e8b465ee728b)  -> (artifact id: '1761128db219021f01f20cc528b4fe77') in 0.018439 seconds
  Import took 0.021443 seconds .

========================================================================
Received Import Request.
  Time since last request: 0.000311 seconds.
  path: Assets/蝙蝠怪/Flight.png
  artifactKey: Guid(5c26ce625761ac141976c38fa90a1736) Importer(815301076,1909f56bfc062723c751e8b465ee728b)
Start importing Assets/蝙蝠怪/Flight.png using Guid(5c26ce625761ac141976c38fa90a1736) Importer(815301076,1909f56bfc062723c751e8b465ee728b)  -> (artifact id: 'c64b870d47ad65dab7f6820e83e44f99') in 0.022333 seconds
  Import took 0.024998 seconds .

========================================================================
Received Prepare
Refreshing native plugins compatible for Editor in 5.31 ms, found 0 plugins.
Preloading 0 native plugins for Editor in 0.00 ms.
Unloading 27 Unused Serialized files (Serialized files now loaded: 0)
System memory in use before: 43.2 MB.
System memory in use after: 43.3 MB.

Unloading 26 unused Assets to reduce memory usage. Loaded Objects now: 1970.
Total: 2.085800 ms (FindLiveObjects: 0.204500 ms CreateObjectMapping: 0.061900 ms MarkObjects: 1.796600 ms  DeleteObjects: 0.021600 ms)

========================================================================
Received Prepare
Registering precompiled user dll's ...
Registered in 0.002702 seconds.
Begin MonoManager ReloadAssembly
Native extension for WindowsStandalone target not found
Native extension for WebGL target not found
Refreshing native plugins compatible for Editor in 0.57 ms, found 0 plugins.
Preloading 0 native plugins for Editor in 0.00 ms.
Invoked RoslynAnalysisRunner static constructor.
RoslynAnalysisRunner will not be running.
RoslynAnalysisRunner has terminated.
Mono: successfully reloaded assembly
- Completed reload, in  0.766 seconds
Platform modules already initialized, skipping
Refreshing native plugins compatible for Editor in 0.50 ms, found 0 plugins.
Preloading 0 native plugins for Editor in 0.00 ms.
Unloading 1529 Unused Serialized files (Serialized files now loaded: 0)
System memory in use before: 73.0 MB.
System memory in use after: 73.1 MB.

Unloading 28 unused Assets to reduce memory usage. Loaded Objects now: 1972.
Total: 1.731500 ms (FindLiveObjects: 0.177700 ms CreateObjectMapping: 0.067700 ms MarkObjects: 1.458200 ms  DeleteObjects: 0.025700 ms)

========================================================================
Received Prepare
Refreshing native plugins compatible for Editor in 5.25 ms, found 0 plugins.
Preloading 0 native plugins for Editor in 0.00 ms.
Unloading 27 Unused Serialized files (Serialized files now loaded: 0)
System memory in use before: 43.4 MB.
System memory in use after: 43.5 MB.

Unloading 26 unused Assets to reduce memory usage. Loaded Objects now: 1972.
Total: 2.270600 ms (FindLiveObjects: 0.202700 ms CreateObjectMapping: 0.083500 ms MarkObjects: 1.966400 ms  DeleteObjects: 0.016600 ms)

AssetImportWorkerClient::OnTransportError - code=2 error=End of file
